<?xml version="1.0" encoding="UTF-8"?>
<!-- Generated by org.testng.reporters.JUnitXMLReporter -->
<testsuite ignored="0" hostname="Apoorvs-MBP.Dlink" failures="1" tests="6" name="FlipkartTests" time="26.965" errors="0" timestamp="2021-07-08T10:47:57 IST">
  <testcase classname="org.flipkart.tests.ValidateGamesSubMenuTest" name="validateGamesUnderElectronicSection" time="6.172"/>
  <testcase classname="org.flipkart.tests.ValidateImagesForDealOfTheDayTest" name="validateImagesArePresentForAllTheDealOfTheDayItems" time="5.658">
    <skipped/>
  </testcase> <!-- validateImagesArePresentForAllTheDealOfTheDayItems -->
  <testcase classname="org.flipkart.tests.ValidateUserLoginTest" name="userIsAbleToLoginSuccsfully" time="10.186"/>
  <testcase classname="org.flipkart.tests.ValidateImagesForDealOfTheDayTest" name="validateImagesArePresentForAllTheDealOfTheDayItems" time="5.21">
    <skipped/>
  </testcase> <!-- validateImagesArePresentForAllTheDealOfTheDayItems -->
  <testcase classname="org.flipkart.tests.ValidateImagesForDealOfTheDayTest" name="validateImagesArePresentForAllTheDealOfTheDayItems" time="5.186">
    <skipped/>
  </testcase> <!-- validateImagesArePresentForAllTheDealOfTheDayItems -->
  <testcase classname="org.flipkart.tests.ValidateImagesForDealOfTheDayTest" name="validateImagesArePresentForAllTheDealOfTheDayItems" time="5.926">
    <failure type="java.lang.AssertionError" message="All images are not present expected [false] but found [true]">
      <![CDATA[java.lang.AssertionError: All images are not present expected [false] but found [true]
at org.flipkart.Pages.DealOfTheDayPage.validateAllProductsHasImages(DealOfTheDayPage.java:35)
at org.flipkart.tests.ValidateImagesForDealOfTheDayTest.validateImagesArePresentForAllTheDealOfTheDayItems(ValidateImagesForDealOfTheDayTest.java:24)
at java.base/java.util.concurrent.ThreadPoolExecutor.runWorker(ThreadPoolExecutor.java:1130)
at java.base/java.util.concurrent.ThreadPoolExecutor$Worker.run(ThreadPoolExecutor.java:630)
at java.base/java.lang.Thread.run(Thread.java:832)
... Removed 15 stack frames]]>
    </failure>
  </testcase> <!-- validateImagesArePresentForAllTheDealOfTheDayItems -->
</testsuite> <!-- FlipkartTests -->
