<?xml version="1.0" encoding="UTF-8"?>
<!-- Generated by org.testng.reporters.JUnitXMLReporter -->
<testsuite ignored="0" hostname="Apoorvs-MBP.Dlink" failures="1" tests="3" name="LoginTest" time="10.794" errors="0" timestamp="2021-07-07T07:09:37 IST">
  <testcase classname="org.flipkart.tests.ValidateGamesSubMenu" name="validateGamesUnderElectronicSection" time="5.095"/>
  <testcase classname="org.flipkart.tests.ValidateImagesForDealOfTheDay" name="validateImagesArePresentForAllTheDealOfTheDayItems" time="5.211">
    <failure type="java.lang.AssertionError" message="All images are not present expected [false] but found [true]">
      <![CDATA[java.lang.AssertionError: All images are not present expected [false] but found [true]
at org.flipkart.Pages.DealOfTheDayPage.validateAllProductsHasImages(DealOfTheDayPage.java:35)
at org.flipkart.tests.ValidateImagesForDealOfTheDay.validateImagesArePresentForAllTheDealOfTheDayItems(ValidateImagesForDealOfTheDay.java:31)
at java.base/java.util.concurrent.ThreadPoolExecutor.runWorker(ThreadPoolExecutor.java:1130)
at java.base/java.util.concurrent.ThreadPoolExecutor$Worker.run(ThreadPoolExecutor.java:630)
at java.base/java.lang.Thread.run(Thread.java:832)
... Removed 15 stack frames]]>
    </failure>
  </testcase> <!-- validateImagesArePresentForAllTheDealOfTheDayItems -->
  <testcase classname="org.flipkart.tests.ValidateUserLogin" name="userIsAbleToLoginSuccsfully" time="8.55"/>
</testsuite> <!-- LoginTest -->
