<?xml version="1.0" encoding="UTF-8"?>
<testng-results retried="3" ignored="0" total="6" passed="2" failed="1" skipped="0">
  <reporter-output>
  </reporter-output>
  <suite started-at="2021-07-08T10:47:30 IST" name="FlipkartTests" finished-at="2021-07-08T10:47:57 IST" duration-ms="26965">
    <groups>
    </groups>
    <test started-at="2021-07-08T10:47:30 IST" name="FlipkartTests" finished-at="2021-07-08T10:47:57 IST" duration-ms="26965">
      <class name="org.flipkart.tests.ValidateUserLoginTest">
        <test-method is-config="true" signature="appInitialization()[pri:0, instance:org.flipkart.tests.ValidateUserLoginTest@12d4bf7e]" started-at="2021-07-08T10:47:31 IST" name="appInitialization" finished-at="2021-07-08T10:47:32 IST" duration-ms="1224" status="PASS">
          <reporter-output>
          </reporter-output>
        </test-method> <!-- appInitialization -->
        <test-method signature="userIsAbleToLoginSuccsfully()[pri:0, instance:org.flipkart.tests.ValidateUserLoginTest@12d4bf7e]" started-at="2021-07-08T10:47:32 IST" name="userIsAbleToLoginSuccsfully" finished-at="2021-07-08T10:47:42 IST" duration-ms="10186" status="PASS">
          <reporter-output>
          </reporter-output>
        </test-method> <!-- userIsAbleToLoginSuccsfully -->
        <test-method is-config="true" signature="testTearDown()[pri:0, instance:org.flipkart.tests.ValidateUserLoginTest@12d4bf7e]" started-at="2021-07-08T10:47:42 IST" name="testTearDown" finished-at="2021-07-08T10:47:42 IST" duration-ms="83" status="PASS">
          <reporter-output>
          </reporter-output>
        </test-method> <!-- testTearDown -->
      </class> <!-- org.flipkart.tests.ValidateUserLoginTest -->
      <class name="org.flipkart.tests.ValidateImagesForDealOfTheDayTest">
        <test-method is-config="true" signature="appInitialization()[pri:0, instance:org.flipkart.tests.ValidateImagesForDealOfTheDayTest@48fa0f47]" started-at="2021-07-08T10:47:31 IST" name="appInitialization" finished-at="2021-07-08T10:47:33 IST" duration-ms="2574" status="PASS">
          <reporter-output>
          </reporter-output>
        </test-method> <!-- appInitialization -->
        <test-method retried="true" signature="validateImagesArePresentForAllTheDealOfTheDayItems()[pri:0, instance:org.flipkart.tests.ValidateImagesForDealOfTheDayTest@48fa0f47]" started-at="2021-07-08T10:47:33 IST" name="validateImagesArePresentForAllTheDealOfTheDayItems" finished-at="2021-07-08T10:47:39 IST" duration-ms="5658" status="SKIP">
          <exception class="java.lang.AssertionError">
            <message>
              <![CDATA[All images are not present expected [false] but found [true]]]>
            </message>
            <full-stacktrace>
              <![CDATA[java.lang.AssertionError: All images are not present expected [false] but found [true]
at org.testng.Assert.fail(Assert.java:99)
at org.testng.Assert.failNotEquals(Assert.java:1037)
at org.testng.Assert.assertFalse(Assert.java:67)
at org.flipkart.Pages.DealOfTheDayPage.validateAllProductsHasImages(DealOfTheDayPage.java:35)
at org.flipkart.tests.ValidateImagesForDealOfTheDayTest.validateImagesArePresentForAllTheDealOfTheDayItems(ValidateImagesForDealOfTheDayTest.java:24)
at java.base/jdk.internal.reflect.NativeMethodAccessorImpl.invoke0(Native Method)
at java.base/jdk.internal.reflect.NativeMethodAccessorImpl.invoke(NativeMethodAccessorImpl.java:64)
at java.base/jdk.internal.reflect.DelegatingMethodAccessorImpl.invoke(DelegatingMethodAccessorImpl.java:43)
at java.base/java.lang.reflect.Method.invoke(Method.java:564)
at org.testng.internal.MethodInvocationHelper.invokeMethod(MethodInvocationHelper.java:133)
at org.testng.internal.TestInvoker.invokeMethod(TestInvoker.java:598)
at org.testng.internal.TestInvoker.invokeTestMethod(TestInvoker.java:173)
at org.testng.internal.MethodRunner.runInSequence(MethodRunner.java:46)
at org.testng.internal.TestInvoker$MethodInvocationAgent.invoke(TestInvoker.java:824)
at org.testng.internal.TestInvoker.invokeTestMethods(TestInvoker.java:146)
at org.testng.internal.TestMethodWorker.invokeTestMethods(TestMethodWorker.java:146)
at org.testng.internal.TestMethodWorker.run(TestMethodWorker.java:128)
at java.base/java.util.concurrent.ThreadPoolExecutor.runWorker(ThreadPoolExecutor.java:1130)
at java.base/java.util.concurrent.ThreadPoolExecutor$Worker.run(ThreadPoolExecutor.java:630)
at java.base/java.lang.Thread.run(Thread.java:832)
]]>
            </full-stacktrace>
          </exception> <!-- java.lang.AssertionError -->
          <reporter-output>
          </reporter-output>
        </test-method> <!-- validateImagesArePresentForAllTheDealOfTheDayItems -->
        <test-method is-config="true" signature="testTearDown()[pri:0, instance:org.flipkart.tests.ValidateImagesForDealOfTheDayTest@48fa0f47]" started-at="2021-07-08T10:47:39 IST" name="testTearDown" finished-at="2021-07-08T10:47:39 IST" duration-ms="85" status="PASS">
          <reporter-output>
          </reporter-output>
        </test-method> <!-- testTearDown -->
        <test-method is-config="true" signature="appInitialization()[pri:0, instance:org.flipkart.tests.ValidateImagesForDealOfTheDayTest@48fa0f47]" started-at="2021-07-08T10:47:39 IST" name="appInitialization" finished-at="2021-07-08T10:47:40 IST" duration-ms="712" status="PASS">
          <reporter-output>
          </reporter-output>
        </test-method> <!-- appInitialization -->
        <test-method retried="true" signature="validateImagesArePresentForAllTheDealOfTheDayItems()[pri:0, instance:org.flipkart.tests.ValidateImagesForDealOfTheDayTest@48fa0f47]" started-at="2021-07-08T10:47:40 IST" name="validateImagesArePresentForAllTheDealOfTheDayItems" finished-at="2021-07-08T10:47:45 IST" duration-ms="5210" status="SKIP">
          <exception class="java.lang.AssertionError">
            <message>
              <![CDATA[All images are not present expected [false] but found [true]]]>
            </message>
            <full-stacktrace>
              <![CDATA[java.lang.AssertionError: All images are not present expected [false] but found [true]
at org.testng.Assert.fail(Assert.java:99)
at org.testng.Assert.failNotEquals(Assert.java:1037)
at org.testng.Assert.assertFalse(Assert.java:67)
at org.flipkart.Pages.DealOfTheDayPage.validateAllProductsHasImages(DealOfTheDayPage.java:35)
at org.flipkart.tests.ValidateImagesForDealOfTheDayTest.validateImagesArePresentForAllTheDealOfTheDayItems(ValidateImagesForDealOfTheDayTest.java:24)
at java.base/jdk.internal.reflect.NativeMethodAccessorImpl.invoke0(Native Method)
at java.base/jdk.internal.reflect.NativeMethodAccessorImpl.invoke(NativeMethodAccessorImpl.java:64)
at java.base/jdk.internal.reflect.DelegatingMethodAccessorImpl.invoke(DelegatingMethodAccessorImpl.java:43)
at java.base/java.lang.reflect.Method.invoke(Method.java:564)
at org.testng.internal.MethodInvocationHelper.invokeMethod(MethodInvocationHelper.java:133)
at org.testng.internal.TestInvoker.invokeMethod(TestInvoker.java:598)
at org.testng.internal.TestInvoker.retryFailed(TestInvoker.java:213)
at org.testng.internal.MethodRunner.runInSequence(MethodRunner.java:58)
at org.testng.internal.TestInvoker$MethodInvocationAgent.invoke(TestInvoker.java:824)
at org.testng.internal.TestInvoker.invokeTestMethods(TestInvoker.java:146)
at org.testng.internal.TestMethodWorker.invokeTestMethods(TestMethodWorker.java:146)
at org.testng.internal.TestMethodWorker.run(TestMethodWorker.java:128)
at java.base/java.util.concurrent.ThreadPoolExecutor.runWorker(ThreadPoolExecutor.java:1130)
at java.base/java.util.concurrent.ThreadPoolExecutor$Worker.run(ThreadPoolExecutor.java:630)
at java.base/java.lang.Thread.run(Thread.java:832)
]]>
            </full-stacktrace>
          </exception> <!-- java.lang.AssertionError -->
          <reporter-output>
          </reporter-output>
        </test-method> <!-- validateImagesArePresentForAllTheDealOfTheDayItems -->
        <test-method is-config="true" signature="testTearDown()[pri:0, instance:org.flipkart.tests.ValidateImagesForDealOfTheDayTest@48fa0f47]" started-at="2021-07-08T10:47:45 IST" name="testTearDown" finished-at="2021-07-08T10:47:45 IST" duration-ms="89" status="PASS">
          <reporter-output>
          </reporter-output>
        </test-method> <!-- testTearDown -->
        <test-method is-config="true" signature="appInitialization()[pri:0, instance:org.flipkart.tests.ValidateImagesForDealOfTheDayTest@48fa0f47]" started-at="2021-07-08T10:47:45 IST" name="appInitialization" finished-at="2021-07-08T10:47:46 IST" duration-ms="659" status="PASS">
          <reporter-output>
          </reporter-output>
        </test-method> <!-- appInitialization -->
        <test-method retried="true" signature="validateImagesArePresentForAllTheDealOfTheDayItems()[pri:0, instance:org.flipkart.tests.ValidateImagesForDealOfTheDayTest@48fa0f47]" started-at="2021-07-08T10:47:46 IST" name="validateImagesArePresentForAllTheDealOfTheDayItems" finished-at="2021-07-08T10:47:51 IST" duration-ms="5186" status="SKIP">
          <exception class="java.lang.AssertionError">
            <message>
              <![CDATA[All images are not present expected [false] but found [true]]]>
            </message>
            <full-stacktrace>
              <![CDATA[java.lang.AssertionError: All images are not present expected [false] but found [true]
at org.testng.Assert.fail(Assert.java:99)
at org.testng.Assert.failNotEquals(Assert.java:1037)
at org.testng.Assert.assertFalse(Assert.java:67)
at org.flipkart.Pages.DealOfTheDayPage.validateAllProductsHasImages(DealOfTheDayPage.java:35)
at org.flipkart.tests.ValidateImagesForDealOfTheDayTest.validateImagesArePresentForAllTheDealOfTheDayItems(ValidateImagesForDealOfTheDayTest.java:24)
at java.base/jdk.internal.reflect.NativeMethodAccessorImpl.invoke0(Native Method)
at java.base/jdk.internal.reflect.NativeMethodAccessorImpl.invoke(NativeMethodAccessorImpl.java:64)
at java.base/jdk.internal.reflect.DelegatingMethodAccessorImpl.invoke(DelegatingMethodAccessorImpl.java:43)
at java.base/java.lang.reflect.Method.invoke(Method.java:564)
at org.testng.internal.MethodInvocationHelper.invokeMethod(MethodInvocationHelper.java:133)
at org.testng.internal.TestInvoker.invokeMethod(TestInvoker.java:598)
at org.testng.internal.TestInvoker.retryFailed(TestInvoker.java:213)
at org.testng.internal.MethodRunner.runInSequence(MethodRunner.java:58)
at org.testng.internal.TestInvoker$MethodInvocationAgent.invoke(TestInvoker.java:824)
at org.testng.internal.TestInvoker.invokeTestMethods(TestInvoker.java:146)
at org.testng.internal.TestMethodWorker.invokeTestMethods(TestMethodWorker.java:146)
at org.testng.internal.TestMethodWorker.run(TestMethodWorker.java:128)
at java.base/java.util.concurrent.ThreadPoolExecutor.runWorker(ThreadPoolExecutor.java:1130)
at java.base/java.util.concurrent.ThreadPoolExecutor$Worker.run(ThreadPoolExecutor.java:630)
at java.base/java.lang.Thread.run(Thread.java:832)
]]>
            </full-stacktrace>
          </exception> <!-- java.lang.AssertionError -->
          <reporter-output>
          </reporter-output>
        </test-method> <!-- validateImagesArePresentForAllTheDealOfTheDayItems -->
        <test-method is-config="true" signature="testTearDown()[pri:0, instance:org.flipkart.tests.ValidateImagesForDealOfTheDayTest@48fa0f47]" started-at="2021-07-08T10:47:51 IST" name="testTearDown" finished-at="2021-07-08T10:47:51 IST" duration-ms="85" status="PASS">
          <reporter-output>
          </reporter-output>
        </test-method> <!-- testTearDown -->
        <test-method is-config="true" signature="appInitialization()[pri:0, instance:org.flipkart.tests.ValidateImagesForDealOfTheDayTest@48fa0f47]" started-at="2021-07-08T10:47:51 IST" name="appInitialization" finished-at="2021-07-08T10:47:51 IST" duration-ms="668" status="PASS">
          <reporter-output>
          </reporter-output>
        </test-method> <!-- appInitialization -->
        <test-method signature="validateImagesArePresentForAllTheDealOfTheDayItems()[pri:0, instance:org.flipkart.tests.ValidateImagesForDealOfTheDayTest@48fa0f47]" started-at="2021-07-08T10:47:51 IST" name="validateImagesArePresentForAllTheDealOfTheDayItems" finished-at="2021-07-08T10:47:57 IST" duration-ms="5926" status="FAIL">
          <exception class="java.lang.AssertionError">
            <message>
              <![CDATA[All images are not present expected [false] but found [true]]]>
            </message>
            <full-stacktrace>
              <![CDATA[java.lang.AssertionError: All images are not present expected [false] but found [true]
at org.testng.Assert.fail(Assert.java:99)
at org.testng.Assert.failNotEquals(Assert.java:1037)
at org.testng.Assert.assertFalse(Assert.java:67)
at org.flipkart.Pages.DealOfTheDayPage.validateAllProductsHasImages(DealOfTheDayPage.java:35)
at org.flipkart.tests.ValidateImagesForDealOfTheDayTest.validateImagesArePresentForAllTheDealOfTheDayItems(ValidateImagesForDealOfTheDayTest.java:24)
at java.base/jdk.internal.reflect.NativeMethodAccessorImpl.invoke0(Native Method)
at java.base/jdk.internal.reflect.NativeMethodAccessorImpl.invoke(NativeMethodAccessorImpl.java:64)
at java.base/jdk.internal.reflect.DelegatingMethodAccessorImpl.invoke(DelegatingMethodAccessorImpl.java:43)
at java.base/java.lang.reflect.Method.invoke(Method.java:564)
at org.testng.internal.MethodInvocationHelper.invokeMethod(MethodInvocationHelper.java:133)
at org.testng.internal.TestInvoker.invokeMethod(TestInvoker.java:598)
at org.testng.internal.TestInvoker.retryFailed(TestInvoker.java:213)
at org.testng.internal.MethodRunner.runInSequence(MethodRunner.java:58)
at org.testng.internal.TestInvoker$MethodInvocationAgent.invoke(TestInvoker.java:824)
at org.testng.internal.TestInvoker.invokeTestMethods(TestInvoker.java:146)
at org.testng.internal.TestMethodWorker.invokeTestMethods(TestMethodWorker.java:146)
at org.testng.internal.TestMethodWorker.run(TestMethodWorker.java:128)
at java.base/java.util.concurrent.ThreadPoolExecutor.runWorker(ThreadPoolExecutor.java:1130)
at java.base/java.util.concurrent.ThreadPoolExecutor$Worker.run(ThreadPoolExecutor.java:630)
at java.base/java.lang.Thread.run(Thread.java:832)
]]>
            </full-stacktrace>
          </exception> <!-- java.lang.AssertionError -->
          <reporter-output>
          </reporter-output>
        </test-method> <!-- validateImagesArePresentForAllTheDealOfTheDayItems -->
        <test-method is-config="true" signature="testTearDown()[pri:0, instance:org.flipkart.tests.ValidateImagesForDealOfTheDayTest@48fa0f47]" started-at="2021-07-08T10:47:57 IST" name="testTearDown" finished-at="2021-07-08T10:47:57 IST" duration-ms="84" status="PASS">
          <reporter-output>
          </reporter-output>
        </test-method> <!-- testTearDown -->
      </class> <!-- org.flipkart.tests.ValidateImagesForDealOfTheDayTest -->
      <class name="org.flipkart.tests.ValidateGamesSubMenuTest">
        <test-method is-config="true" signature="appInitialization()[pri:0, instance:org.flipkart.tests.ValidateGamesSubMenuTest@1677d1]" started-at="2021-07-08T10:47:31 IST" name="appInitialization" finished-at="2021-07-08T10:47:32 IST" duration-ms="1899" status="PASS">
          <reporter-output>
          </reporter-output>
        </test-method> <!-- appInitialization -->
        <test-method signature="validateGamesUnderElectronicSection()[pri:0, instance:org.flipkart.tests.ValidateGamesSubMenuTest@1677d1]" started-at="2021-07-08T10:47:32 IST" name="validateGamesUnderElectronicSection" finished-at="2021-07-08T10:47:39 IST" duration-ms="6172" status="PASS">
          <reporter-output>
          </reporter-output>
        </test-method> <!-- validateGamesUnderElectronicSection -->
        <test-method is-config="true" signature="testTearDown()[pri:0, instance:org.flipkart.tests.ValidateGamesSubMenuTest@1677d1]" started-at="2021-07-08T10:47:39 IST" name="testTearDown" finished-at="2021-07-08T10:47:39 IST" duration-ms="83" status="PASS">
          <reporter-output>
          </reporter-output>
        </test-method> <!-- testTearDown -->
      </class> <!-- org.flipkart.tests.ValidateGamesSubMenuTest -->
    </test> <!-- FlipkartTests -->
  </suite> <!-- FlipkartTests -->
</testng-results>
