<?xml version="1.0" encoding="UTF-8"?>
<!-- Generated by org.testng.reporters.JUnitReportReporter -->
<testsuite hostname="Apoorvs-MBP.Dlink" failures="1" tests="4" name="org.flipkart.tests.ValidateImagesForDealOfTheDay" time="23.670" errors="0" timestamp="2021-07-08T07:57:49 IST" skipped="3">
  <testcase classname="org.flipkart.tests.ValidateImagesForDealOfTheDay" name="validateImagesArePresentForAllTheDealOfTheDayItems" time="5.520">
    <skipped/>
  </testcase> <!-- validateImagesArePresentForAllTheDealOfTheDayItems -->
  <system-out/>
  <testcase classname="org.flipkart.tests.ValidateImagesForDealOfTheDay" name="validateImagesArePresentForAllTheDealOfTheDayItems" time="5.147">
    <failure message="All images are not present expected [false] but found [true]" type="java.lang.AssertionError">
      <![CDATA[java.lang.AssertionError: All images are not present expected [false] but found [true]
at org.testng.Assert.fail(Assert.java:99)
at org.testng.Assert.failNotEquals(Assert.java:1037)
at org.testng.Assert.assertFalse(Assert.java:67)
at org.flipkart.Pages.DealOfTheDayPage.validateAllProductsHasImages(DealOfTheDayPage.java:35)
at org.flipkart.tests.ValidateImagesForDealOfTheDay.validateImagesArePresentForAllTheDealOfTheDayItems(ValidateImagesForDealOfTheDay.java:24)
at java.base/jdk.internal.reflect.NativeMethodAccessorImpl.invoke0(Native Method)
at java.base/jdk.internal.reflect.NativeMethodAccessorImpl.invoke(NativeMethodAccessorImpl.java:64)
at java.base/jdk.internal.reflect.DelegatingMethodAccessorImpl.invoke(DelegatingMethodAccessorImpl.java:43)
at java.base/java.lang.reflect.Method.invoke(Method.java:564)
at org.testng.internal.MethodInvocationHelper.invokeMethod(MethodInvocationHelper.java:133)
at org.testng.internal.TestInvoker.invokeMethod(TestInvoker.java:598)
at org.testng.internal.TestInvoker.retryFailed(TestInvoker.java:213)
at org.testng.internal.MethodRunner.runInSequence(MethodRunner.java:58)
at org.testng.internal.TestInvoker$MethodInvocationAgent.invoke(TestInvoker.java:824)
at org.testng.internal.TestInvoker.invokeTestMethods(TestInvoker.java:146)
at org.testng.internal.TestMethodWorker.invokeTestMethods(TestMethodWorker.java:146)
at org.testng.internal.TestMethodWorker.run(TestMethodWorker.java:128)
at java.base/java.util.concurrent.ThreadPoolExecutor.runWorker(ThreadPoolExecutor.java:1130)
at java.base/java.util.concurrent.ThreadPoolExecutor$Worker.run(ThreadPoolExecutor.java:630)
at java.base/java.lang.Thread.run(Thread.java:832)
]]>
    </failure>
  </testcase> <!-- validateImagesArePresentForAllTheDealOfTheDayItems -->
  <system-out/>
  <testcase classname="org.flipkart.tests.ValidateImagesForDealOfTheDay" name="validateImagesArePresentForAllTheDealOfTheDayItems" time="5.457">
    <skipped/>
  </testcase> <!-- validateImagesArePresentForAllTheDealOfTheDayItems -->
  <system-out/>
  <testcase classname="org.flipkart.tests.ValidateImagesForDealOfTheDay" name="validateImagesArePresentForAllTheDealOfTheDayItems" time="7.546">
    <skipped/>
  </testcase> <!-- validateImagesArePresentForAllTheDealOfTheDayItems -->
  <system-out/>
</testsuite> <!-- org.flipkart.tests.ValidateImagesForDealOfTheDay -->
